<?xml version="1.0" encoding="UTF-8"?>
<!-- Generated by org.testng.reporters.JUnitXMLReporter -->
<testsuite hostname="DKUSHITAYAL0585" ignored="0" name="Test" tests="4" failures="0" timestamp="13 Jun 2018 07:17:06 GMT" time="9.579" errors="0">
  <testcase name="login" time="0.38" classname="testNG.TestNgC"/>
  <testcase name="login1" time="0.415" classname="testNG.TestNgC"/>
  <testcase name="login2" time="0.39" classname="testNG.TestNgC"/>
  <testcase name="login5" time="3.546" classname="testNG.b"/>
</testsuite> <!-- Test -->
