<?xml version="1.0" encoding="UTF-8"?>
<testng-results skipped="0" failed="0" ignored="0" total="4" passed="4">
  <reporter-output>
  </reporter-output>
  <suite name="Suite" duration-ms="9579" started-at="2018-06-13T07:16:56Z" finished-at="2018-06-13T07:17:06Z">
    <groups>
    </groups>
    <test name="Test" duration-ms="9579" started-at="2018-06-13T07:16:56Z" finished-at="2018-06-13T07:17:06Z">
      <class name="testNG.TestNgC">
        <test-method status="PASS" signature="startup()[pri:0, instance:testNG.TestNgC@4493d195]" name="startup" is-config="true" duration-ms="4802" started-at="2018-06-13T07:16:56Z" finished-at="2018-06-13T07:17:01Z">
          <reporter-output>
          </reporter-output>
        </test-method> <!-- startup -->
        <test-method status="PASS" signature="login()[pri:0, instance:testNG.TestNgC@4493d195]" name="login" duration-ms="380" started-at="2018-06-13T07:17:01Z" finished-at="2018-06-13T07:17:01Z">
          <reporter-output>
          </reporter-output>
        </test-method> <!-- login -->
        <test-method status="PASS" signature="login1()[pri:1, instance:testNG.TestNgC@4493d195]" name="login1" duration-ms="415" started-at="2018-06-13T07:17:01Z" finished-at="2018-06-13T07:17:02Z">
          <reporter-output>
          </reporter-output>
        </test-method> <!-- login1 -->
        <test-method status="PASS" signature="login2()[pri:2, instance:testNG.TestNgC@4493d195]" name="login2" duration-ms="390" started-at="2018-06-13T07:17:02Z" finished-at="2018-06-13T07:17:02Z">
          <reporter-output>
          </reporter-output>
        </test-method> <!-- login2 -->
        <test-method status="PASS" signature="tearDown()[pri:0, instance:testNG.TestNgC@4493d195]" name="tearDown" is-config="true" duration-ms="7" started-at="2018-06-13T07:17:06Z" finished-at="2018-06-13T07:17:06Z">
          <reporter-output>
          </reporter-output>
        </test-method> <!-- tearDown -->
      </class> <!-- testNG.TestNgC -->
      <class name="testNG.b">
        <test-method status="PASS" signature="login5()[pri:3, instance:testNG.b@2781e022]" name="login5" duration-ms="3546" started-at="2018-06-13T07:17:02Z" finished-at="2018-06-13T07:17:06Z">
          <reporter-output>
          </reporter-output>
        </test-method> <!-- login5 -->
      </class> <!-- testNG.b -->
    </test> <!-- Test -->
  </suite> <!-- Suite -->
</testng-results>
